[error] Failed to fetch Firebase Project from Studio Workspace because WORKSPACE_SLUG environment variable is empty
[error] Failed to fetch Firebase Project from Studio Workspace because WORKSPACE_SLUG environment variable is empty
[error] Failed to fetch Firebase Project from Studio Workspace because WORKSPACE_SLUG environment variable is empty
[error] Failed to fetch Firebase Project from Studio Workspace because WORKSPACE_SLUG environment variable is empty
[debug] [2025-10-27T16:56:05.671Z] > command requires scopes: ["email","openid","https://www.googleapis.com/auth/cloudplatformprojects.readonly","https://www.googleapis.com/auth/firebase","https://www.googleapis.com/auth/cloud-platform","https://www.googleapis.com/auth/userinfo.email"]
[debug] [2025-10-27T16:56:05.674Z] > command requires scopes: ["email","openid","https://www.googleapis.com/auth/cloudplatformprojects.readonly","https://www.googleapis.com/auth/firebase","https://www.googleapis.com/auth/cloud-platform","https://www.googleapis.com/auth/userinfo.email"]
[error] Failed to fetch Firebase Project from Studio Workspace because WORKSPACE_SLUG environment variable is empty
[error] Failed to fetch Firebase Project from Studio Workspace because WORKSPACE_SLUG environment variable is empty
[error] Failed to fetch Firebase Project from Studio Workspace because WORKSPACE_SLUG environment variable is empty
[error] Failed to fetch Firebase Project from Studio Workspace because WORKSPACE_SLUG environment variable is empty
[debug] [2025-10-27T16:57:05.662Z] > command requires scopes: ["email","openid","https://www.googleapis.com/auth/cloudplatformprojects.readonly","https://www.googleapis.com/auth/firebase","https://www.googleapis.com/auth/cloud-platform","https://www.googleapis.com/auth/userinfo.email"]
[debug] [2025-10-27T16:57:05.663Z] > command requires scopes: ["email","openid","https://www.googleapis.com/auth/cloudplatformprojects.readonly","https://www.googleapis.com/auth/firebase","https://www.googleapis.com/auth/cloud-platform","https://www.googleapis.com/auth/userinfo.email"]
[debug] [2025-10-27T16:57:12.264Z] Running auto auth
[debug] [2025-10-27T16:57:12.268Z] Running auto auth
[debug] [2025-10-27T16:57:12.270Z] Running auto auth
[debug] [2025-10-27T16:57:12.271Z] Running auto auth
[debug] [2025-10-27T16:57:12.348Z] No OAuth tokens found
[debug] [2025-10-27T16:57:12.352Z] No OAuth tokens found
[debug] [2025-10-27T16:57:12.358Z] No OAuth tokens found
[debug] [2025-10-27T16:57:12.374Z] No OAuth tokens found
[debug] [2025-10-27T16:57:12.376Z] >>> [apiv2][query] GET https://serviceusage.googleapis.com/v1/projects/lcap-nexus/services/firestore.googleapis.com [none]
[debug] [2025-10-27T16:57:12.376Z] >>> [apiv2][(partial)header] GET https://serviceusage.googleapis.com/v1/projects/lcap-nexus/services/firestore.googleapis.com x-goog-quota-user=projects/lcap-nexus
[debug] [2025-10-27T16:57:12.404Z] >>> [apiv2][query] GET https://serviceusage.googleapis.com/v1/projects/lcap-nexus/services/firebasedataconnect.googleapis.com [none]
[debug] [2025-10-27T16:57:12.404Z] >>> [apiv2][(partial)header] GET https://serviceusage.googleapis.com/v1/projects/lcap-nexus/services/firebasedataconnect.googleapis.com x-goog-quota-user=projects/lcap-nexus
[debug] [2025-10-27T16:57:12.406Z] >>> [apiv2][query] GET https://serviceusage.googleapis.com/v1/projects/lcap-nexus/services/cloudfunctions.googleapis.com [none]
[debug] [2025-10-27T16:57:12.406Z] >>> [apiv2][(partial)header] GET https://serviceusage.googleapis.com/v1/projects/lcap-nexus/services/cloudfunctions.googleapis.com x-goog-quota-user=projects/lcap-nexus
[debug] [2025-10-27T16:57:12.408Z] >>> [apiv2][query] GET https://serviceusage.googleapis.com/v1/projects/lcap-nexus/services/firebaseio.com [none]
[debug] [2025-10-27T16:57:12.408Z] >>> [apiv2][(partial)header] GET https://serviceusage.googleapis.com/v1/projects/lcap-nexus/services/firebaseio.com x-goog-quota-user=projects/lcap-nexus
[debug] [2025-10-27T16:57:12.438Z] No OAuth tokens found
[debug] [2025-10-27T16:57:12.439Z] No OAuth tokens found
[debug] [2025-10-27T16:57:12.439Z] No OAuth tokens found
[debug] [2025-10-27T16:57:12.441Z] No OAuth tokens found
[debug] [2025-10-27T16:57:12.441Z] >>> [apiv2][query] GET https://serviceusage.googleapis.com/v1/projects/lcap-nexus/services/firestore.googleapis.com [none]
[debug] [2025-10-27T16:57:12.441Z] >>> [apiv2][(partial)header] GET https://serviceusage.googleapis.com/v1/projects/lcap-nexus/services/firestore.googleapis.com x-goog-quota-user=projects/lcap-nexus
[debug] [2025-10-27T16:57:12.443Z] >>> [apiv2][query] GET https://serviceusage.googleapis.com/v1/projects/lcap-nexus/services/firebasedataconnect.googleapis.com [none]
[debug] [2025-10-27T16:57:12.443Z] >>> [apiv2][(partial)header] GET https://serviceusage.googleapis.com/v1/projects/lcap-nexus/services/firebasedataconnect.googleapis.com x-goog-quota-user=projects/lcap-nexus
[debug] [2025-10-27T16:57:12.450Z] >>> [apiv2][query] GET https://serviceusage.googleapis.com/v1/projects/lcap-nexus/services/cloudfunctions.googleapis.com [none]
[debug] [2025-10-27T16:57:12.451Z] >>> [apiv2][(partial)header] GET https://serviceusage.googleapis.com/v1/projects/lcap-nexus/services/cloudfunctions.googleapis.com x-goog-quota-user=projects/lcap-nexus
[debug] [2025-10-27T16:57:12.458Z] >>> [apiv2][query] GET https://serviceusage.googleapis.com/v1/projects/lcap-nexus/services/firebaseio.com [none]
[debug] [2025-10-27T16:57:12.458Z] >>> [apiv2][(partial)header] GET https://serviceusage.googleapis.com/v1/projects/lcap-nexus/services/firebaseio.com x-goog-quota-user=projects/lcap-nexus
[debug] [2025-10-27T16:57:12.502Z] No OAuth tokens found
[debug] [2025-10-27T16:57:12.502Z] No OAuth tokens found
[debug] [2025-10-27T16:57:12.503Z] No OAuth tokens found
[debug] [2025-10-27T16:57:12.504Z] No OAuth tokens found
[debug] [2025-10-27T16:57:12.505Z] >>> [apiv2][query] GET https://serviceusage.googleapis.com/v1/projects/lcap-nexus/services/firestore.googleapis.com [none]
[debug] [2025-10-27T16:57:12.505Z] >>> [apiv2][(partial)header] GET https://serviceusage.googleapis.com/v1/projects/lcap-nexus/services/firestore.googleapis.com x-goog-quota-user=projects/lcap-nexus
[debug] [2025-10-27T16:57:12.509Z] >>> [apiv2][query] GET https://serviceusage.googleapis.com/v1/projects/lcap-nexus/services/firebasedataconnect.googleapis.com [none]
[debug] [2025-10-27T16:57:12.509Z] >>> [apiv2][(partial)header] GET https://serviceusage.googleapis.com/v1/projects/lcap-nexus/services/firebasedataconnect.googleapis.com x-goog-quota-user=projects/lcap-nexus
[debug] [2025-10-27T16:57:12.514Z] >>> [apiv2][query] GET https://serviceusage.googleapis.com/v1/projects/lcap-nexus/services/cloudfunctions.googleapis.com [none]
[debug] [2025-10-27T16:57:12.514Z] >>> [apiv2][(partial)header] GET https://serviceusage.googleapis.com/v1/projects/lcap-nexus/services/cloudfunctions.googleapis.com x-goog-quota-user=projects/lcap-nexus
[debug] [2025-10-27T16:57:12.516Z] >>> [apiv2][query] GET https://serviceusage.googleapis.com/v1/projects/lcap-nexus/services/firebaseio.com [none]
[debug] [2025-10-27T16:57:12.517Z] >>> [apiv2][(partial)header] GET https://serviceusage.googleapis.com/v1/projects/lcap-nexus/services/firebaseio.com x-goog-quota-user=projects/lcap-nexus
[debug] [2025-10-27T16:57:12.532Z] No OAuth tokens found
[debug] [2025-10-27T16:57:12.532Z] No OAuth tokens found
[debug] [2025-10-27T16:57:12.533Z] No OAuth tokens found
[debug] [2025-10-27T16:57:12.534Z] No OAuth tokens found
[debug] [2025-10-27T16:57:12.534Z] >>> [apiv2][query] GET https://serviceusage.googleapis.com/v1/projects/lcap-nexus/services/firestore.googleapis.com [none]
[debug] [2025-10-27T16:57:12.534Z] >>> [apiv2][(partial)header] GET https://serviceusage.googleapis.com/v1/projects/lcap-nexus/services/firestore.googleapis.com x-goog-quota-user=projects/lcap-nexus
[debug] [2025-10-27T16:57:12.536Z] >>> [apiv2][query] GET https://serviceusage.googleapis.com/v1/projects/lcap-nexus/services/firebasedataconnect.googleapis.com [none]
[debug] [2025-10-27T16:57:12.537Z] >>> [apiv2][(partial)header] GET https://serviceusage.googleapis.com/v1/projects/lcap-nexus/services/firebasedataconnect.googleapis.com x-goog-quota-user=projects/lcap-nexus
[debug] [2025-10-27T16:57:12.538Z] >>> [apiv2][query] GET https://serviceusage.googleapis.com/v1/projects/lcap-nexus/services/cloudfunctions.googleapis.com [none]
[debug] [2025-10-27T16:57:12.538Z] >>> [apiv2][(partial)header] GET https://serviceusage.googleapis.com/v1/projects/lcap-nexus/services/cloudfunctions.googleapis.com x-goog-quota-user=projects/lcap-nexus
[debug] [2025-10-27T16:57:12.540Z] >>> [apiv2][query] GET https://serviceusage.googleapis.com/v1/projects/lcap-nexus/services/firebaseio.com [none]
[debug] [2025-10-27T16:57:12.540Z] >>> [apiv2][(partial)header] GET https://serviceusage.googleapis.com/v1/projects/lcap-nexus/services/firebaseio.com x-goog-quota-user=projects/lcap-nexus
[debug] [2025-10-27T16:57:12.714Z] <<< [apiv2][status] GET https://serviceusage.googleapis.com/v1/projects/lcap-nexus/services/firebaseio.com 403
[debug] [2025-10-27T16:57:12.716Z] <<< [apiv2][body] GET https://serviceusage.googleapis.com/v1/projects/lcap-nexus/services/firebaseio.com [omitted]
[debug] [2025-10-27T16:57:12.722Z] <<< [apiv2][status] GET https://serviceusage.googleapis.com/v1/projects/lcap-nexus/services/firebaseio.com 403
[debug] [2025-10-27T16:57:12.723Z] <<< [apiv2][body] GET https://serviceusage.googleapis.com/v1/projects/lcap-nexus/services/firebaseio.com [omitted]
[debug] [2025-10-27T16:57:12.742Z] <<< [apiv2][status] GET https://serviceusage.googleapis.com/v1/projects/lcap-nexus/services/firebaseio.com 403
[debug] [2025-10-27T16:57:12.746Z] <<< [apiv2][body] GET https://serviceusage.googleapis.com/v1/projects/lcap-nexus/services/firebaseio.com [omitted]
[debug] [2025-10-27T16:57:12.749Z] <<< [apiv2][status] GET https://serviceusage.googleapis.com/v1/projects/lcap-nexus/services/firebasedataconnect.googleapis.com 200
[debug] [2025-10-27T16:57:12.749Z] <<< [apiv2][body] GET https://serviceusage.googleapis.com/v1/projects/lcap-nexus/services/firebasedataconnect.googleapis.com [omitted]
[debug] [2025-10-27T16:57:12.757Z] <<< [apiv2][status] GET https://serviceusage.googleapis.com/v1/projects/lcap-nexus/services/cloudfunctions.googleapis.com 200
[debug] [2025-10-27T16:57:12.757Z] <<< [apiv2][body] GET https://serviceusage.googleapis.com/v1/projects/lcap-nexus/services/cloudfunctions.googleapis.com [omitted]
[debug] [2025-10-27T16:57:12.772Z] <<< [apiv2][status] GET https://serviceusage.googleapis.com/v1/projects/lcap-nexus/services/firestore.googleapis.com 200
[debug] [2025-10-27T16:57:12.772Z] <<< [apiv2][body] GET https://serviceusage.googleapis.com/v1/projects/lcap-nexus/services/firestore.googleapis.com [omitted]
[error] Failed to fetch Firebase Project from Studio Workspace because WORKSPACE_SLUG environment variable is empty
[error] Failed to fetch Firebase Project from Studio Workspace because WORKSPACE_SLUG environment variable is empty
[error] Failed to fetch Firebase Project from Studio Workspace because WORKSPACE_SLUG environment variable is empty
[debug] [2025-10-27T16:57:12.778Z] > command requires scopes: ["email","openid","https://www.googleapis.com/auth/cloudplatformprojects.readonly","https://www.googleapis.com/auth/firebase","https://www.googleapis.com/auth/cloud-platform","https://www.googleapis.com/auth/userinfo.email"]
[debug] [2025-10-27T16:57:12.778Z] > authorizing via signed-in user (leonecbruno@gmail.com)
[error] Failed to fetch Firebase Project from Studio Workspace because WORKSPACE_SLUG environment variable is empty
[debug] [2025-10-27T16:57:12.780Z] > command requires scopes: ["email","openid","https://www.googleapis.com/auth/cloudplatformprojects.readonly","https://www.googleapis.com/auth/firebase","https://www.googleapis.com/auth/cloud-platform","https://www.googleapis.com/auth/userinfo.email"]
[debug] [2025-10-27T16:57:12.780Z] > authorizing via signed-in user (leonecbruno@gmail.com)
[debug] [2025-10-27T16:57:12.781Z] <<< [apiv2][status] GET https://serviceusage.googleapis.com/v1/projects/lcap-nexus/services/firebasedataconnect.googleapis.com 200
[debug] [2025-10-27T16:57:12.782Z] <<< [apiv2][body] GET https://serviceusage.googleapis.com/v1/projects/lcap-nexus/services/firebasedataconnect.googleapis.com [omitted]
[debug] [2025-10-27T16:57:12.782Z] <<< [apiv2][status] GET https://serviceusage.googleapis.com/v1/projects/lcap-nexus/services/firestore.googleapis.com 200
[debug] [2025-10-27T16:57:12.782Z] <<< [apiv2][body] GET https://serviceusage.googleapis.com/v1/projects/lcap-nexus/services/firestore.googleapis.com [omitted]
[debug] [2025-10-27T16:57:12.801Z] <<< [apiv2][status] GET https://serviceusage.googleapis.com/v1/projects/lcap-nexus/services/firebaseio.com 403
[debug] [2025-10-27T16:57:12.801Z] <<< [apiv2][body] GET https://serviceusage.googleapis.com/v1/projects/lcap-nexus/services/firebaseio.com [omitted]
[debug] [2025-10-27T16:57:12.813Z] <<< [apiv2][status] GET https://serviceusage.googleapis.com/v1/projects/lcap-nexus/services/firebasedataconnect.googleapis.com 200
[debug] [2025-10-27T16:57:12.813Z] <<< [apiv2][body] GET https://serviceusage.googleapis.com/v1/projects/lcap-nexus/services/firebasedataconnect.googleapis.com [omitted]
[debug] [2025-10-27T16:57:12.822Z] <<< [apiv2][status] GET https://serviceusage.googleapis.com/v1/projects/lcap-nexus/services/firestore.googleapis.com 200
[debug] [2025-10-27T16:57:12.823Z] <<< [apiv2][body] GET https://serviceusage.googleapis.com/v1/projects/lcap-nexus/services/firestore.googleapis.com [omitted]
[debug] [2025-10-27T16:57:12.829Z] <<< [apiv2][status] GET https://serviceusage.googleapis.com/v1/projects/lcap-nexus/services/cloudfunctions.googleapis.com 200
[debug] [2025-10-27T16:57:12.829Z] <<< [apiv2][body] GET https://serviceusage.googleapis.com/v1/projects/lcap-nexus/services/cloudfunctions.googleapis.com [omitted]
[error] Failed to fetch Firebase Project from Studio Workspace because WORKSPACE_SLUG environment variable is empty
[error] Failed to fetch Firebase Project from Studio Workspace because WORKSPACE_SLUG environment variable is empty
[error] Failed to fetch Firebase Project from Studio Workspace because WORKSPACE_SLUG environment variable is empty
[debug] [2025-10-27T16:57:12.849Z] > command requires scopes: ["email","openid","https://www.googleapis.com/auth/cloudplatformprojects.readonly","https://www.googleapis.com/auth/firebase","https://www.googleapis.com/auth/cloud-platform","https://www.googleapis.com/auth/userinfo.email"]
[debug] [2025-10-27T16:57:12.851Z] > authorizing via signed-in user (leonecbruno@gmail.com)
[error] Failed to fetch Firebase Project from Studio Workspace because WORKSPACE_SLUG environment variable is empty
[debug] [2025-10-27T16:57:12.856Z] > command requires scopes: ["email","openid","https://www.googleapis.com/auth/cloudplatformprojects.readonly","https://www.googleapis.com/auth/firebase","https://www.googleapis.com/auth/cloud-platform","https://www.googleapis.com/auth/userinfo.email"]
[debug] [2025-10-27T16:57:12.856Z] > authorizing via signed-in user (leonecbruno@gmail.com)
[debug] [2025-10-27T16:57:12.865Z] <<< [apiv2][status] GET https://serviceusage.googleapis.com/v1/projects/lcap-nexus/services/cloudfunctions.googleapis.com 200
[debug] [2025-10-27T16:57:12.866Z] <<< [apiv2][body] GET https://serviceusage.googleapis.com/v1/projects/lcap-nexus/services/cloudfunctions.googleapis.com [omitted]
[debug] [2025-10-27T16:57:12.875Z] <<< [apiv2][status] GET https://serviceusage.googleapis.com/v1/projects/lcap-nexus/services/cloudfunctions.googleapis.com 200
[debug] [2025-10-27T16:57:12.875Z] <<< [apiv2][body] GET https://serviceusage.googleapis.com/v1/projects/lcap-nexus/services/cloudfunctions.googleapis.com [omitted]
[debug] [2025-10-27T16:57:12.885Z] <<< [apiv2][status] GET https://serviceusage.googleapis.com/v1/projects/lcap-nexus/services/firebasedataconnect.googleapis.com 200
[debug] [2025-10-27T16:57:12.886Z] <<< [apiv2][body] GET https://serviceusage.googleapis.com/v1/projects/lcap-nexus/services/firebasedataconnect.googleapis.com [omitted]
[debug] [2025-10-27T16:57:12.894Z] <<< [apiv2][status] GET https://serviceusage.googleapis.com/v1/projects/lcap-nexus/services/firestore.googleapis.com 200
[debug] [2025-10-27T16:57:12.894Z] <<< [apiv2][body] GET https://serviceusage.googleapis.com/v1/projects/lcap-nexus/services/firestore.googleapis.com [omitted]
[error] Failed to fetch Firebase Project from Studio Workspace because WORKSPACE_SLUG environment variable is empty
[error] Failed to fetch Firebase Project from Studio Workspace because WORKSPACE_SLUG environment variable is empty
[error] Failed to fetch Firebase Project from Studio Workspace because WORKSPACE_SLUG environment variable is empty
[debug] [2025-10-27T16:57:12.915Z] > command requires scopes: ["email","openid","https://www.googleapis.com/auth/cloudplatformprojects.readonly","https://www.googleapis.com/auth/firebase","https://www.googleapis.com/auth/cloud-platform","https://www.googleapis.com/auth/userinfo.email"]
[debug] [2025-10-27T16:57:12.915Z] > authorizing via signed-in user (leonecbruno@gmail.com)
[error] Failed to fetch Firebase Project from Studio Workspace because WORKSPACE_SLUG environment variable is empty
[debug] [2025-10-27T16:57:12.925Z] > command requires scopes: ["email","openid","https://www.googleapis.com/auth/cloudplatformprojects.readonly","https://www.googleapis.com/auth/firebase","https://www.googleapis.com/auth/cloud-platform","https://www.googleapis.com/auth/userinfo.email"]
[debug] [2025-10-27T16:57:12.926Z] > authorizing via signed-in user (leonecbruno@gmail.com)
